c:\users\nicholas.byrne\documents\physicsengine\physicsforgamesvs2015_start\physicsforgames\debug\vc140.pdb
c:\users\nicholas.byrne\documents\physicsengine\physicsforgamesvs2015_start\physicsforgames\debug\vc140.idb
c:\users\nicholas.byrne\documents\physicsengine\physicsforgamesvs2015_start\physicsforgames\debug\application.obj
c:\users\nicholas.byrne\documents\physicsengine\physicsforgamesvs2015_start\physicsforgames\debug\camera.obj
c:\users\nicholas.byrne\documents\physicsengine\physicsforgamesvs2015_start\physicsforgames\debug\diyphysicsscene.obj
c:\users\nicholas.byrne\documents\physicsengine\physicsforgamesvs2015_start\physicsforgames\debug\gizmos.obj
c:\users\nicholas.byrne\documents\physicsengine\physicsforgamesvs2015_start\physicsforgames\debug\main.obj
c:\users\nicholas.byrne\documents\physicsengine\physicsforgamesvs2015_start\physicsforgames\debug\particleemitter.obj
c:\users\nicholas.byrne\documents\physicsengine\physicsforgamesvs2015_start\physicsforgames\debug\particlefluidemitter.obj
c:\users\nicholas.byrne\documents\physicsengine\physicsforgamesvs2015_start\physicsforgames\debug\physics.obj
c:\users\nicholas.byrne\documents\physicsengine\physicsforgamesvs2015_start\physicsforgames\debug\physicsobject.obj
c:\users\nicholas.byrne\documents\physicsengine\physicsforgamesvs2015_start\physicsforgames\debug\projectile.obj
c:\users\nicholas.byrne\documents\physicsengine\physicsforgamesvs2015_start\physicsforgames\debug\renderer.obj
c:\users\nicholas.byrne\documents\physicsengine\physicsforgamesvs2015_start\physicsforgames\debug\gl_core_4_4.obj
c:\users\nicholas.byrne\documents\physicsengine\physicsforgamesvs2015_start\debug\physicsforgames.ilk
c:\users\nicholas.byrne\documents\physicsengine\physicsforgamesvs2015_start\debug\physicsforgames.exe
c:\users\nicholas.byrne\documents\physicsengine\physicsforgamesvs2015_start\debug\physicsforgames.pdb
c:\users\nicholas.byrne\documents\physicsengine\physicsforgamesvs2015_start\physicsforgames\debug\physicsforgames.tlog\cl.command.1.tlog
c:\users\nicholas.byrne\documents\physicsengine\physicsforgamesvs2015_start\physicsforgames\debug\physicsforgames.tlog\cl.read.1.tlog
c:\users\nicholas.byrne\documents\physicsengine\physicsforgamesvs2015_start\physicsforgames\debug\physicsforgames.tlog\cl.write.1.tlog
c:\users\nicholas.byrne\documents\physicsengine\physicsforgamesvs2015_start\physicsforgames\debug\physicsforgames.tlog\link.command.1.tlog
c:\users\nicholas.byrne\documents\physicsengine\physicsforgamesvs2015_start\physicsforgames\debug\physicsforgames.tlog\link.read.1.tlog
c:\users\nicholas.byrne\documents\physicsengine\physicsforgamesvs2015_start\physicsforgames\debug\physicsforgames.tlog\link.write.1.tlog
