  Renderer.cpp
  Projectile.cpp
c:\users\nicholas.byrne\documents\physicsengine\physicsforgamesvs2015_start\physicsforgames\projectile.cpp(29): warning C4305: '+=': truncation from 'double' to 'float'
  PhysicsObject.cpp
  Physics.cpp
  ParticleFluidEmitter.cpp
  ParticleEmitter.cpp
  main.cpp
  Gizmos.cpp
  DIYPhysicsScene.cpp
  Camera.cpp
  Application.cpp
c:\users\nicholas.byrne\documents\physicsengine\physicsforgamesvs2015_start\physicsforgames\application.cpp(87): warning C4244: 'argument': conversion from 'int' to 'float', possible loss of data
c:\users\nicholas.byrne\documents\physicsengine\physicsforgamesvs2015_start\physicsforgames\application.cpp(126): warning C4996: '_snprintf': This function or variable may be unsafe. Consider using _snprintf_s instead. To disable deprecation, use _CRT_SECURE_NO_WARNINGS. See online help for details.
  c:\program files (x86)\windows kits\10\include\10.0.10240.0\ucrt\stdio.h(1952): note: see declaration of '_snprintf'
c:\users\nicholas.byrne\documents\physicsengine\physicsforgamesvs2015_start\physicsforgames\application.cpp(138): warning C4996: '_snprintf': This function or variable may be unsafe. Consider using _snprintf_s instead. To disable deprecation, use _CRT_SECURE_NO_WARNINGS. See online help for details.
  c:\program files (x86)\windows kits\10\include\10.0.10240.0\ucrt\stdio.h(1952): note: see declaration of '_snprintf'
c:\users\nicholas.byrne\documents\physicsengine\physicsforgamesvs2015_start\physicsforgames\application.cpp(140): warning C4996: '_snprintf': This function or variable may be unsafe. Consider using _snprintf_s instead. To disable deprecation, use _CRT_SECURE_NO_WARNINGS. See online help for details.
  c:\program files (x86)\windows kits\10\include\10.0.10240.0\ucrt\stdio.h(1952): note: see declaration of '_snprintf'
  Generating Code...
  gl_core_4_4.c
LINK : warning LNK4098: defaultlib 'MSVCRT' conflicts with use of other libs; use /NODEFAULTLIB:library
  PhysicsForGames.vcxproj -> C:\Users\nicholas.byrne\Documents\PhysicsEngine\PhysicsForGamesvs2015_Start\Debug\PhysicsForGames.exe
